<?xml version="1.0" encoding="UTF-8"?>
<!-- Generated by org.testng.reporters.JUnitReportReporter -->
<testsuite hostname="Ramalakshmi" failures="0" tests="2" name="com.qa.linkedin.tastcases.LinkedinLoginPageTest" time="0.045" errors="0" timestamp="2022-08-02T23:31:33 IST" skipped="0">
  <testcase classname="com.qa.linkedin.tastcases.LinkedinLoginPageTest" name="verifySignHeaderText" time="0.025"/>
  <system-out/>
  <testcase classname="com.qa.linkedin.tastcases.LinkedinLoginPageTest" name="verifyPageTitle" time="0.020"/>
  <system-out/>
</testsuite> <!-- com.qa.linkedin.tastcases.LinkedinLoginPageTest -->
