<?xml version="1.0" encoding="UTF-8"?>
<!-- Generated by org.testng.reporters.JUnitReportReporter -->
<testsuite hostname="Ramalakshmi" failures="0" tests="4" name="com.qa.linkedin.tastcases.LinkedinFeedPageTest" time="11.821" errors="0" timestamp="2022-07-27T18:41:56 IST" skipped="0">
  <testcase classname="com.qa.linkedin.tastcases.LinkedinFeedPageTest" name="verifyPageTitleTest" time="0.007"/>
  <system-out/>
  <testcase classname="com.qa.linkedin.tastcases.LinkedinFeedPageTest" name="doLoginTest" time="9.643"/>
  <system-out/>
  <testcase classname="com.qa.linkedin.tastcases.LinkedinFeedPageTest" name="doLogoutTest" time="2.146"/>
  <system-out/>
  <testcase classname="com.qa.linkedin.tastcases.LinkedinFeedPageTest" name="verifyProfileRailCardTest" time="0.025"/>
  <system-out/>
</testsuite> <!-- com.qa.linkedin.tastcases.LinkedinFeedPageTest -->
