<?xml version="1.0" encoding="UTF-8"?>
<!-- Generated by org.testng.reporters.JUnitReportReporter -->
<testsuite hostname="Ramalakshmi" failures="0" tests="2" name="com.qa.linkedin.tastcases.LinkedinHomePageTest" time="0.078" errors="0" timestamp="2022-07-26T16:27:05 IST" skipped="0">
  <testcase classname="com.qa.linkedin.tastcases.LinkedinHomePageTest" name="verifyLinkedinLogo" time="0.067"/>
  <system-out/>
  <testcase classname="com.qa.linkedin.tastcases.LinkedinHomePageTest" name="verifyLinkedinTitle" time="0.011"/>
  <system-out/>
</testsuite> <!-- com.qa.linkedin.tastcases.LinkedinHomePageTest -->
