<?xml version="1.0" encoding="UTF-8"?>
<!-- Generated by org.testng.reporters.JUnitReportReporter -->
<testsuite skipped="0" hostname="Ramalakshmi" name="com.qa.linkedin.tastcases.LinkedinHomePageTest" tests="2" failures="0" timestamp="2022-08-03T09:21:13 IST" time="0.141" errors="0">
  <testcase name="verifyLinkedinTitle" time="0.018" classname="com.qa.linkedin.tastcases.LinkedinHomePageTest"/>
  <system-out/>
  <testcase name="verifyLinkedinLogo" time="0.123" classname="com.qa.linkedin.tastcases.LinkedinHomePageTest"/>
  <system-out/>
</testsuite> <!-- com.qa.linkedin.tastcases.LinkedinHomePageTest -->
